2018-01-07 15:16:48,315 [Worker-0] INFO  c.g.t.t.d.PublishedGradleVersions - Gradle version information cache is up-to-date. Trying to read.
2018-01-08 08:08:43,217 [Worker-4] INFO  c.g.t.t.d.PublishedGradleVersions - Gradle version information cache is up-to-date. Trying to read.
2018-01-08 10:19:07,402 [Worker-4] INFO  c.g.t.t.d.PublishedGradleVersions - Gradle version information cache is up-to-date. Trying to read.
2018-01-11 08:14:22,848 [Worker-1] INFO  c.g.t.t.d.PublishedGradleVersions - Gradle version information cache is up-to-date. Trying to read.
2018-01-11 14:00:19,658 [Worker-3] INFO  c.g.t.t.d.PublishedGradleVersions - Gradle version information cache is up-to-date. Trying to read.
2018-01-12 08:09:21,383 [Worker-0] INFO  c.g.t.t.d.PublishedGradleVersions - Gradle version information cache is up-to-date. Trying to read.
2018-01-12 10:40:16,906 [main] INFO  org.eclipse.jetty.util.log - Logging initialized @9097943ms to org.eclipse.jetty.util.log.Slf4jLog
2018-01-12 10:40:17,148 [main] INFO  org.eclipse.jetty.server.Server - jetty-9.4.8.v20171121, build timestamp: 2017-11-22T05:27:37+08:00, git hash: 82b8fb23f757335bb3329d540ce37a2a2615f0a8
2018-01-12 10:40:17,175 [main] INFO  org.eclipse.jetty.server.session - DefaultSessionIdManager workerName=node0
2018-01-12 10:40:17,175 [main] INFO  org.eclipse.jetty.server.session - No SessionScavenger set, using defaults
2018-01-12 10:40:17,176 [main] INFO  org.eclipse.jetty.server.session - Scavenging every 660000ms
2018-01-12 10:40:17,230 [main] INFO  o.e.j.server.handler.ContextHandler - Started o.e.j.s.ServletContextHandler@733237ff{/wse,null,AVAILABLE}
2018-01-12 10:40:17,252 [main] INFO  o.e.jetty.server.AbstractConnector - Started ServerConnector@699fcc09{HTTP/1.1,[http/1.1]}{0.0.0.0:60617}
2018-01-12 10:40:17,252 [main] INFO  org.eclipse.jetty.server.Server - Started @9098290ms
2018-01-13 09:33:54,726 [Framework stop] INFO  o.e.jetty.server.AbstractConnector - Stopped ServerConnector@699fcc09{HTTP/1.1,[http/1.1]}{0.0.0.0:0}
2018-01-13 09:33:54,727 [Framework stop] INFO  org.eclipse.jetty.server.session - Stopped scavenging
2018-01-13 09:33:54,818 [Framework stop] INFO  o.e.j.server.handler.ContextHandler - Stopped o.e.j.s.ServletContextHandler@733237ff{/wse,null,UNAVAILABLE}
2018-01-13 09:34:11,306 [Worker-2] INFO  c.g.t.t.d.PublishedGradleVersions - Gradle version information cache is up-to-date. Trying to read.
2018-01-13 14:01:26,379 [Worker-6] INFO  c.g.t.t.d.PublishedGradleVersions - Gradle version information cache is up-to-date. Trying to read.
2018-01-14 08:38:41,332 [Worker-3] INFO  c.g.t.t.d.PublishedGradleVersions - Gradle version information cache is up-to-date. Trying to read.
2018-01-14 14:25:38,129 [Worker-2] INFO  c.g.t.t.d.PublishedGradleVersions - Gradle version information cache is up-to-date. Trying to read.
2018-04-27 08:40:03,097 [Worker-7] INFO  c.g.t.t.d.PublishedGradleVersions - Gradle version information cache is out-of-date. Trying to update.
2018-04-27 14:04:25,349 [Worker-3] INFO  c.g.t.t.d.PublishedGradleVersions - Gradle version information cache is up-to-date. Trying to read.
2018-05-26 18:18:05,284 [Worker-1] INFO  c.g.t.t.d.PublishedGradleVersions - Gradle version information cache is out-of-date. Trying to update.
2018-05-27 21:01:51,985 [Worker-3] INFO  c.g.t.t.d.PublishedGradleVersions - Gradle version information cache is out-of-date. Trying to update.
2018-05-27 21:38:42,631 [Worker-1] INFO  c.g.t.t.d.PublishedGradleVersions - Gradle version information cache is up-to-date. Trying to read.
2018-06-08 17:08:01,579 [Worker-6] INFO  c.g.t.t.d.PublishedGradleVersions - Gradle version information cache is out-of-date. Trying to update.
2018-06-11 09:18:18,284 [Worker-0] INFO  c.g.t.t.d.PublishedGradleVersions - Gradle version information cache is out-of-date. Trying to update.
2018-06-11 10:36:03,931 [Worker-3] INFO  c.g.t.t.d.PublishedGradleVersions - Gradle version information cache is up-to-date. Trying to read.
2019-02-21 11:01:26,677 [Worker-0] INFO  c.g.t.t.d.PublishedGradleVersions - Gradle version information cache is up-to-date. Trying to read.
2019-02-25 08:41:33,846 [Worker-3] INFO  c.g.t.t.d.PublishedGradleVersions - Gradle version information cache is up-to-date. Trying to read.
